d:\program\opengl_hw\opengl_2\debug\vc140.pdb
d:\program\opengl_hw\opengl_2\debug\vc140.idb
d:\program\opengl_hw\opengl_2\debug\2dshoot.obj
d:\program\opengl_hw\opengl_2\debug\bullet.obj
d:\program\opengl_hw\opengl_2\debug\common.obj
d:\program\opengl_hw\opengl_2\debug\cquad.obj
d:\program\opengl_hw\opengl_2\debug\cquadex1.obj
d:\program\opengl_hw\opengl_2\debug\cquadex2b.obj
d:\program\opengl_hw\opengl_2\debug\main.obj
d:\program\opengl_hw\opengl_2\debug\planet.obj
d:\program\opengl_hw\opengl_2\debug\protect.obj
d:\program\opengl_hw\opengl_2\debug\timer.obj
d:\program\opengl_hw\opengl_2\debug\initshader.obj
d:\program\opengl_hw\opengl_2\debug\mainscene.obj
d:\program\opengl_hw\opengl_2\debug\player.obj
d:\program\opengl_hw\opengl_2\debug\transform.obj
d:\program\opengl_hw\opengl_2\debug\input.obj
d:\program\opengl_hw\opengl_2\debug\enemy.obj
d:\program\opengl_hw\opengl_2\debug\collider.obj
d:\program\opengl_hw\opengl_2\debug\collision.obj
d:\program\opengl_hw\opengl_2\debug\enemymanager.obj
d:\program\opengl_hw\opengl_2\debug\gameobject.obj
d:\program\opengl_hw\debug\opengl_2.ilk
d:\program\opengl_hw\debug\opengl_2.exe
d:\program\opengl_hw\debug\opengl_2.pdb
d:\program\opengl_hw\opengl_2\debug\bullet.obj.enc
d:\program\opengl_hw\opengl_2\debug\opengl_2.tlog\cl.command.1.tlog
d:\program\opengl_hw\opengl_2\debug\opengl_2.tlog\cl.read.1.tlog
d:\program\opengl_hw\opengl_2\debug\opengl_2.tlog\cl.write.1.tlog
d:\program\opengl_hw\opengl_2\debug\opengl_2.tlog\link.command.1.tlog
d:\program\opengl_hw\opengl_2\debug\opengl_2.tlog\link.read.1.tlog
d:\program\opengl_hw\opengl_2\debug\opengl_2.tlog\link.write.1.tlog
