  MainScene.cpp
d:\program\opengl_hw\opengl_2\common\protect.h(3): warning C4005: 'Total_NUM': 巨集重複定義
  d:\program\opengl_hw\opengl_2\common\bullet.h(5): note: 請參閱 'Total_NUM' 之前的定義
d:\program\opengl_hw\opengl_2\common\player.h(11): warning C4005: 'Total_NUM': 巨集重複定義
  d:\program\opengl_hw\opengl_2\common\protect.h(3): note: 請參閱 'Total_NUM' 之前的定義
d:\program\opengl_hw\opengl_2\common\planet.h(7): warning C4005: 'Total_NUM': 巨集重複定義
  d:\program\opengl_hw\opengl_2\common\player.h(11): note: 請參閱 'Total_NUM' 之前的定義
d:\program\opengl_hw\opengl_2\common\enemy.h(8): warning C4005: 'Total_NUM': 巨集重複定義
  d:\program\opengl_hw\opengl_2\common\planet.h(7): note: 請參閱 'Total_NUM' 之前的定義
  GameObject.cpp
  正在產生程式碼...
  正在編譯...
  Player.cpp
d:\program\opengl_hw\opengl_2\common\protect.h(3): warning C4005: 'Total_NUM': 巨集重複定義
  d:\program\opengl_hw\opengl_2\common\bullet.h(5): note: 請參閱 'Total_NUM' 之前的定義
d:\program\opengl_hw\opengl_2\common\player.h(11): warning C4005: 'Total_NUM': 巨集重複定義
  d:\program\opengl_hw\opengl_2\common\protect.h(3): note: 請參閱 'Total_NUM' 之前的定義
d:\program\opengl_hw\opengl_2\common\player.cpp(34): warning C4244: '引數': 將 'double' 轉換為 'float'，由於類型不同，可能導致資料遺失
d:\program\opengl_hw\opengl_2\common\player.cpp(41): warning C4244: '引數': 將 'double' 轉換為 'float'，由於類型不同，可能導致資料遺失
d:\program\opengl_hw\opengl_2\common\player.cpp(46): warning C4244: '引數': 將 'double' 轉換為 'float'，由於類型不同，可能導致資料遺失
d:\program\opengl_hw\opengl_2\common\player.cpp(68): warning C4244: '引數': 將 'double' 轉換為 'float'，由於類型不同，可能導致資料遺失
d:\program\opengl_hw\opengl_2\common\player.cpp(73): warning C4244: '引數': 將 'double' 轉換為 'float'，由於類型不同，可能導致資料遺失
d:\program\opengl_hw\opengl_2\common\player.cpp(78): warning C4244: '引數': 將 'double' 轉換為 'float'，由於類型不同，可能導致資料遺失
d:\program\opengl_hw\opengl_2\common\player.cpp(85): warning C4244: '引數': 將 'double' 轉換為 'float'，由於類型不同，可能導致資料遺失
  Enemy.cpp
  Collision.cpp
  Bullet.cpp
d:\program\opengl_hw\opengl_2\common\bullet.cpp(23): warning C4244: '引數': 將 'double' 轉換為 'float'，由於類型不同，可能導致資料遺失
d:\program\opengl_hw\opengl_2\common\bullet.cpp(23): warning C4244: '引數': 將 'double' 轉換為 'GLfloat'，由於類型不同，可能導致資料遺失
  2DShoot.cpp
d:\program\opengl_hw\opengl_2\common\protect.h(3): warning C4005: 'Total_NUM': 巨集重複定義
  d:\program\opengl_hw\opengl_2\common\bullet.h(5): note: 請參閱 'Total_NUM' 之前的定義
d:\program\opengl_hw\opengl_2\common\player.h(11): warning C4005: 'Total_NUM': 巨集重複定義
  d:\program\opengl_hw\opengl_2\common\protect.h(3): note: 請參閱 'Total_NUM' 之前的定義
d:\program\opengl_hw\opengl_2\common\planet.h(7): warning C4005: 'Total_NUM': 巨集重複定義
  d:\program\opengl_hw\opengl_2\common\player.h(11): note: 請參閱 'Total_NUM' 之前的定義
d:\program\opengl_hw\opengl_2\common\enemy.h(8): warning C4005: 'Total_NUM': 巨集重複定義
  d:\program\opengl_hw\opengl_2\common\planet.h(7): note: 請參閱 'Total_NUM' 之前的定義
d:\program\opengl_hw\opengl_2\2dshoot.cpp(29): warning C4305: '引數': 從 'double' 轉換為 'GLclampf'，是由較大的類型轉換為較小的類型，可能導致資料遺失
d:\program\opengl_hw\opengl_2\2dshoot.cpp(128): warning C4244: '引數': 將 'time_t' 轉換為 'unsigned int'，由於類型不同，可能導致資料遺失
  正在產生程式碼...
d:\program\opengl_hw\opengl_2\common\bullet.cpp(165): warning C4715: 'BulletLink::DetectCollider': 不是所有控制路徑都傳回值
  正在略過... (未偵測到相關變更)
  Collider.cpp
  OpenGL_2.vcxproj -> D:\Program\OpenGL_HW\Debug\OpenGL_2.exe
  OpenGL_2.vcxproj -> D:\Program\OpenGL_HW\Debug\OpenGL_2.pdb (Full PDB)
